<?xml version="1.0" encoding="UTF-8"?>
<!-- Generated by org.testng.reporters.JUnitReportReporter -->
<testsuite skipped="0" hostname="DESKTOP-2STHK7V" name="SFDCMaven.SFDCMaven.SFDCTest" tests="32" failures="0" timestamp="2019-12-06T21:35:51 PST" time="602.448" errors="1">
  <testcase name="TC01_NoPassword_Error_Message" time="7.727" classname="SFDCMaven.SFDCMaven.SFDCTest"/>
  <testcase name="TC02_Login_Home_Page" time="11.229" classname="SFDCMaven.SFDCMaven.SFDCTest"/>
  <testcase name="TC03_Remember_Me_Checkbox" time="12.232" classname="SFDCMaven.SFDCMaven.SFDCTest"/>
  <testcase name="TC4B_Login_Error_Message" time="7.119" classname="SFDCMaven.SFDCMaven.SFDCTest"/>
  <testcase name="TC4A_Forgot_Password" time="7.212" classname="SFDCMaven.SFDCMaven.SFDCTest"/>
  <testcase name="TC5_Usermenu_dropdown" time="11.533" classname="SFDCMaven.SFDCMaven.SFDCTest"/>
  <testcase name="TC7_MySettings_Usemenu_Dropdown" time="17.800" classname="SFDCMaven.SFDCMaven.SFDCTest"/>
  <testcase name="TC8_Developer_Console" time="20.636" classname="SFDCMaven.SFDCMaven.SFDCTest"/>
  <testcase name="TC9_Logout_UsermenuDropdown" time="12.069" classname="SFDCMaven.SFDCMaven.SFDCTest"/>
  <testcase name="TC10_Create_Account" time="15.291" classname="SFDCMaven.SFDCMaven.SFDCTest"/>
  <testcase name="TC11_Create_New_View" time="15.542" classname="SFDCMaven.SFDCMaven.SFDCTest"/>
  <testcase name="TC12_Edit_View" time="116.237" classname="SFDCMaven.SFDCMaven.SFDCTest"/>
  <testcase name="TC13_Accounts_MergeAccounts" time="16.016" classname="SFDCMaven.SFDCMaven.SFDCTest"/>
  <testcase name="TC14_Create_account_report" time="25.989" classname="SFDCMaven.SFDCMaven.SFDCTest"/>
  <testcase name="TC15_SelectUsermenu_Username_dropdown" time="22.848" classname="SFDCMaven.SFDCMaven.SFDCTest"/>
  <testcase name="TC16_Create_newOpportunity" time="19.908" classname="SFDCMaven.SFDCMaven.SFDCTest"/>
  <testcase name="TC17_TestOpportunity_Pipeline_Report" time="14.634" classname="SFDCMaven.SFDCMaven.SFDCTest"/>
  <testcase name="TC18_TestStuck_Opportunity_Report" time="14.760" classname="SFDCMaven.SFDCMaven.SFDCTest"/>
  <testcase name="TC19_TestQuarterly_Summary_Report" time="15.618" classname="SFDCMaven.SFDCMaven.SFDCTest"/>
  <testcase name="TC20_Leads_Tab" time="12.232" classname="SFDCMaven.SFDCMaven.SFDCTest"/>
  <testcase name="TC21_Leads_Select_View" time="12.130" classname="SFDCMaven.SFDCMaven.SFDCTest"/>
  <testcase name="TC22_Leads_Default_View" time="17.255" classname="SFDCMaven.SFDCMaven.SFDCTest"/>
  <testcase name="TC23_TodaysLead_View" time="13.735" classname="SFDCMaven.SFDCMaven.SFDCTest"/>
  <testcase name="TC24_New_Lead" time="14.390" classname="SFDCMaven.SFDCMaven.SFDCTest"/>
  <testcase name="TC25_Create_New_Contact" time="19.555" classname="SFDCMaven.SFDCMaven.SFDCTest"/>
  <testcase name="TC26_Contacts_CreateNewView" time="14.980" classname="SFDCMaven.SFDCMaven.SFDCTest"/>
  <testcase name="TC27_Recently_Created_Contact" time="14.330" classname="SFDCMaven.SFDCMaven.SFDCTest"/>
  <testcase name="TC28_dropdown_MyContacts_View" time="13.160" classname="SFDCMaven.SFDCMaven.SFDCTest"/>
  <testcase name="TC29_View_Contact_ContactPage" time="15.796" classname="SFDCMaven.SFDCMaven.SFDCTest"/>
  <testcase name="TC30_Contacts_CreateNewView_ErrorMessage" time="13.459" classname="SFDCMaven.SFDCMaven.SFDCTest"/>
  <testcase name="TC31_CreateNewView_CancelButton" time="14.262" classname="SFDCMaven.SFDCMaven.SFDCTest"/>
  <testcase name="TC32_New_SaveNew_buttons" time="42.764" classname="SFDCMaven.SFDCMaven.SFDCTest">
    <error type="org.openqa.selenium.NoSuchElementException" message="no such element: Unable to locate element: {&quot;method&quot;:&quot;css selector&quot;,&quot;selector&quot;:&quot;*[name=&#039;save_new&#039;]&quot;}
  (Session info: chrome=78.0.3904.108)
For documentation on this error, please visit: https://www.seleniumhq.org/exceptions/no_such_element.html
Build info: version: &#039;3.141.59&#039;, revision: &#039;e82be7d358&#039;, time: &#039;2018-11-14T08:17:03&#039;
System info: host: &#039;DESKTOP-2STHK7V&#039;, ip: &#039;192.168.0.38&#039;, os.name: &#039;Windows 10&#039;, os.arch: &#039;amd64&#039;, os.version: &#039;10.0&#039;, java.version: &#039;1.8.0_221&#039;
Driver info: org.openqa.selenium.chrome.ChromeDriver
Capabilities {acceptInsecureCerts: false, browserName: chrome, browserVersion: 78.0.3904.108, chrome: {chromedriverVersion: 77.0.3865.40 (f484704e052e0..., userDataDir: C:\Users\divya\AppData\Loca...}, goog:chromeOptions: {debuggerAddress: localhost:64521}, javascriptEnabled: true, networkConnectionEnabled: false, pageLoadStrategy: normal, platform: XP, platformName: XP, proxy: Proxy(), setWindowRect: true, strictFileInteractability: false, timeouts: {implicit: 0, pageLoad: 300000, script: 30000}, unhandledPromptBehavior: dismiss and notify}
Session ID: e5ae08eaa4703e642d25f75b7918de37
*** Element info: {Using=name, value=save_new}">
      <![CDATA[org.openqa.selenium.NoSuchElementException: no such element: Unable to locate element: {"method":"css selector","selector":"*[name='save_new']"}
  (Session info: chrome=78.0.3904.108)
For documentation on this error, please visit: https://www.seleniumhq.org/exceptions/no_such_element.html
Build info: version: '3.141.59', revision: 'e82be7d358', time: '2018-11-14T08:17:03'
System info: host: 'DESKTOP-2STHK7V', ip: '192.168.0.38', os.name: 'Windows 10', os.arch: 'amd64', os.version: '10.0', java.version: '1.8.0_221'
Driver info: org.openqa.selenium.chrome.ChromeDriver
Capabilities {acceptInsecureCerts: false, browserName: chrome, browserVersion: 78.0.3904.108, chrome: {chromedriverVersion: 77.0.3865.40 (f484704e052e0..., userDataDir: C:\Users\divya\AppData\Loca...}, goog:chromeOptions: {debuggerAddress: localhost:64521}, javascriptEnabled: true, networkConnectionEnabled: false, pageLoadStrategy: normal, platform: XP, platformName: XP, proxy: Proxy(), setWindowRect: true, strictFileInteractability: false, timeouts: {implicit: 0, pageLoad: 300000, script: 30000}, unhandledPromptBehavior: dismiss and notify}
Session ID: e5ae08eaa4703e642d25f75b7918de37
*** Element info: {Using=name, value=save_new}
at sun.reflect.NativeConstructorAccessorImpl.newInstance0(Native Method)
at sun.reflect.NativeConstructorAccessorImpl.newInstance(NativeConstructorAccessorImpl.java:62)
at sun.reflect.DelegatingConstructorAccessorImpl.newInstance(DelegatingConstructorAccessorImpl.java:45)
at java.lang.reflect.Constructor.newInstance(Constructor.java:423)
at org.openqa.selenium.remote.http.W3CHttpResponseCodec.createException(W3CHttpResponseCodec.java:187)
at org.openqa.selenium.remote.http.W3CHttpResponseCodec.decode(W3CHttpResponseCodec.java:122)
at org.openqa.selenium.remote.http.W3CHttpResponseCodec.decode(W3CHttpResponseCodec.java:49)
at org.openqa.selenium.remote.HttpCommandExecutor.execute(HttpCommandExecutor.java:158)
at org.openqa.selenium.remote.service.DriverCommandExecutor.execute(DriverCommandExecutor.java:83)
at org.openqa.selenium.remote.RemoteWebDriver.execute(RemoteWebDriver.java:552)
at org.openqa.selenium.remote.RemoteWebDriver.findElement(RemoteWebDriver.java:323)
at org.openqa.selenium.remote.RemoteWebDriver.findElementByName(RemoteWebDriver.java:404)
at org.openqa.selenium.By$ByName.findElement(By.java:284)
at org.openqa.selenium.remote.RemoteWebDriver.findElement(RemoteWebDriver.java:315)
at SFDCMaven.SFDCMaven.SFDCTest.TC32_New_SaveNew_buttons(SFDCTest.java:2357)
at sun.reflect.NativeMethodAccessorImpl.invoke0(Native Method)
at sun.reflect.NativeMethodAccessorImpl.invoke(NativeMethodAccessorImpl.java:62)
at sun.reflect.DelegatingMethodAccessorImpl.invoke(DelegatingMethodAccessorImpl.java:43)
at java.lang.reflect.Method.invoke(Method.java:498)
at org.testng.internal.MethodInvocationHelper.invokeMethod(MethodInvocationHelper.java:133)
at org.testng.internal.TestInvoker.invokeMethod(TestInvoker.java:584)
at org.testng.internal.TestInvoker.invokeTestMethod(TestInvoker.java:172)
at org.testng.internal.MethodRunner.runInSequence(MethodRunner.java:46)
at org.testng.internal.TestInvoker$MethodInvocationAgent.invoke(TestInvoker.java:804)
at org.testng.internal.TestInvoker.invokeTestMethods(TestInvoker.java:145)
at org.testng.internal.TestMethodWorker.invokeTestMethods(TestMethodWorker.java:146)
at org.testng.internal.TestMethodWorker.run(TestMethodWorker.java:128)
at java.util.ArrayList.forEach(ArrayList.java:1257)
at org.testng.TestRunner.privateRun(TestRunner.java:770)
at org.testng.TestRunner.run(TestRunner.java:591)
at org.testng.SuiteRunner.runTest(SuiteRunner.java:402)
at org.testng.SuiteRunner.runSequentially(SuiteRunner.java:396)
at org.testng.SuiteRunner.privateRun(SuiteRunner.java:355)
at org.testng.SuiteRunner.run(SuiteRunner.java:304)
at org.testng.SuiteRunnerWorker.runSuite(SuiteRunnerWorker.java:53)
at org.testng.SuiteRunnerWorker.run(SuiteRunnerWorker.java:96)
at org.testng.TestNG.runSuitesSequentially(TestNG.java:1180)
at org.testng.TestNG.runSuitesLocally(TestNG.java:1102)
at org.testng.TestNG.runSuites(TestNG.java:1032)
at org.testng.TestNG.run(TestNG.java:1000)
at org.testng.remote.AbstractRemoteTestNG.run(AbstractRemoteTestNG.java:115)
at org.testng.remote.RemoteTestNG.initAndRun(RemoteTestNG.java:251)
at org.testng.remote.RemoteTestNG.main(RemoteTestNG.java:77)
]]>
    </error>
  </testcase> <!-- TC32_New_SaveNew_buttons -->
</testsuite> <!-- SFDCMaven.SFDCMaven.SFDCTest -->
